0 info it worked if it ends with ok
1 verbose cli [ 'node', '/usr/local/bin/npm', 'run', 'lite' ]
2 info using npm@2.13.4
3 info using node@v0.12.0
4 verbose run-script [ 'prelite', 'lite', 'postlite' ]
5 info prelite angular2@1.0.0
6 info lite angular2@1.0.0
7 verbose unsafe-perm in lifecycle true
8 info angular2@1.0.0 Failed to exec lite script
9 verbose stack Error: angular2@1.0.0 lite: `lite-server --baseDir ./src`
9 verbose stack Exit status 1
9 verbose stack     at EventEmitter.<anonymous> (/usr/local/lib/node_modules/npm/lib/utils/lifecycle.js:214:16)
9 verbose stack     at EventEmitter.emit (events.js:110:17)
9 verbose stack     at ChildProcess.<anonymous> (/usr/local/lib/node_modules/npm/lib/utils/spawn.js:24:14)
9 verbose stack     at ChildProcess.emit (events.js:110:17)
9 verbose stack     at maybeClose (child_process.js:1008:16)
9 verbose stack     at Process.ChildProcess._handle.onexit (child_process.js:1080:5)
10 verbose pkgid angular2@1.0.0
11 verbose cwd /Users/bartsteverink/Sites/angular2
12 error Darwin 15.3.0
13 error argv "node" "/usr/local/bin/npm" "run" "lite"
14 error node v0.12.0
15 error npm  v2.13.4
16 error code ELIFECYCLE
17 error angular2@1.0.0 lite: `lite-server --baseDir ./src`
17 error Exit status 1
18 error Failed at the angular2@1.0.0 lite script 'lite-server --baseDir ./src'.
18 error This is most likely a problem with the angular2 package,
18 error not with npm itself.
18 error Tell the author that this fails on your system:
18 error     lite-server --baseDir ./src
18 error You can get their info via:
18 error     npm owner ls angular2
18 error There is likely additional logging output above.
19 verbose exit [ 1, true ]
